{
  "stats": {
    "suites": 1,
    "tests": 2,
    "passes": 0,
    "pending": 0,
    "failures": 2,
    "start": "2025-04-25T05:45:42.256Z",
    "end": "2025-04-25T05:46:33.264Z",
    "duration": 51008,
    "testsRegistered": 2,
    "passPercent": 0,
    "pendingPercent": 0,
    "other": 0,
    "hasOther": false,
    "skipped": 0,
    "hasSkipped": false
  },
  "results": [
    {
      "uuid": "7e179dcb-f12b-4380-95c0-55755c26beec",
      "title": "",
      "fullFile": "cypress/e2e/tests/002_place_order_multiple_products.cy.js",
      "file": "cypress/e2e/tests/002_place_order_multiple_products.cy.js",
      "beforeHooks": [],
      "afterHooks": [],
      "tests": [],
      "suites": [
        {
          "uuid": "1d8ea26b-8c51-49b8-8675-066af61fdb06",
          "title": "Place Order with Multiple Products (Price Calculation Checks)",
          "fullFile": "",
          "file": "",
          "beforeHooks": [],
          "afterHooks": [],
          "tests": [
            {
              "title": "should place order with multiple products and verify price calculations",
              "fullTitle": "Place Order with Multiple Products (Price Calculation Checks) should place order with multiple products and verify price calculations",
              "timedOut": null,
              "duration": 25531,
              "state": "failed",
              "speed": null,
              "pass": false,
              "fail": true,
              "pending": false,
              "context": "{\n  \"title\": \"cypress-mochawesome-reporter-screenshots\",\n  \"value\": [\n    [\n      \"/002_place_order_multiple_products.cy.js/Place Order with Multiple Products (Price Calculation Checks) -- should place order with multiple products and verify price calculations (failed).png\"\n    ]\n  ]\n}",
              "code": "// Test data\nconst products = [{\n  name: 'Radiant Tee',\n  size: 'M',\n  color: 'Blue',\n  qty: 1,\n  price: 22.00\n}, {\n  name: 'Argus All-Weather Tank',\n  size: 'L',\n  color: 'Gray',\n  qty: 1,\n  price: 22.00\n}];\n// Add products to cart\nproducts.forEach(product => {\n  productPage.addProductToCart(product.name, product.size, product.color);\n  // Verify success message\n  productPage.getSuccessMessage().should('contain', `You added ${product.name} to your shopping cart.`);\n});\n// Go to cart and verify products\nhomePage.goToCart();\n// Verify all products are in cart\n// cartPage.getCartItems().should('have.length', products.length);\nproducts.forEach(product => {\n  cartPage.getProductNames().then(productNames => {\n    expect(productNames).to.include(product.name);\n  });\n});\n// Calculate expected totals\nconst subtotal = products.reduce((sum, product) => sum + product.price * product.qty, 0);\n// const grandTotal = parseFloat((subtotal).toFixed(2));\n// Verify price calculations\ncartPage.getSubtotal().then($el => {\n  const displayedSubtotal = parseFloat($el.text().replace('$', ''));\n  expect(displayedSubtotal).to.eq(subtotal);\n});\n// Proceed to checkout\ncartPage.proceedToCheckout();\n// Fill shipping information\ncheckoutPage.fillShippingAddress({\n  email: 'test@example.com',\n  firstName: 'John',\n  lastName: 'Doe',\n  company: 'Acme Inc',\n  street1: '123 Main St',\n  street2: 'Apt 1',\n  city: 'New York',\n  state: 'New York',\n  zip: '10001',\n  country: 'United States',\n  phone: '5551234567'\n});\n// Select shipping method\n// checkoutPage.selectShippingMethod('Flat Rate');\ncheckoutPage.selcteNextButton();\n// Place order\ncheckoutPage.placeOrder();\n// Verify success page\ncheckoutPage.getSuccessMessage().should('contain', 'Thank you for your purchase!');\ncheckoutPage.getOrderNumber().should('exist');",
              "err": {
                "message": "TypeError: The following error originated from your application code, not from Cypress.\n\n  > Cannot read properties of undefined (reading 'clone')\n\nWhen Cypress detects uncaught errors originating from your application it will automatically fail the current test.\n\nThis behavior is configurable, and you can choose to turn this off by listening to the `uncaught:exception` event.\n\nhttps://on.cypress.io/uncaught-exception-from-application",
                "estack": "TypeError: The following error originated from your application code, not from Cypress.\n\n  > Cannot read properties of undefined (reading 'clone')\n\nWhen Cypress detects uncaught errors originating from your application it will automatically fail the current test.\n\nThis behavior is configurable, and you can choose to turn this off by listening to the `uncaught:exception` event.\n\nhttps://on.cypress.io/uncaught-exception-from-application\n    at addBlockLoader (https://magento.softwaretestingboard.com/pub/static/version1695896754/frontend/Magento/luma/en_US/Magento_Ui/js/block-loader.js:55:36)\n    at update (https://magento.softwaretestingboard.com/pub/static/version1695896754/frontend/Magento/luma/en_US/Magento_Ui/js/block-loader.js:84:21)\n    at ko.dependentObservable.disposeWhenNodeIsRemoved (https://magento.softwaretestingboard.com/pub/static/version1695896754/frontend/Magento/luma/en_US/knockoutjs/knockout.js:3373:33)\n    at computedObservable.evaluateImmediate_CallReadThenEndDependencyDetection (https://magento.softwaretestingboard.com/pub/static/version1695896754/frontend/Magento/luma/en_US/knockoutjs/knockout.js:2173:103)\n    at computedObservable.evaluateImmediate_CallReadWithDependencyDetection (https://magento.softwaretestingboard.com/pub/static/version1695896754/frontend/Magento/luma/en_US/knockoutjs/knockout.js:2140:29)\n    at computedObservable.evaluateImmediate (https://magento.softwaretestingboard.com/pub/static/version1695896754/frontend/Magento/luma/en_US/knockoutjs/knockout.js:2101:28)\n    at computedObservable.evaluatePossiblyAsync (https://magento.softwaretestingboard.com/pub/static/version1695896754/frontend/Magento/luma/en_US/knockoutjs/knockout.js:2066:32)\n    at observable.notifySubscribers (https://magento.softwaretestingboard.com/pub/static/version1695896754/frontend/Magento/luma/en_US/knockoutjs/knockout.js:1320:38)\n    at observable.valueHasMutated (https://magento.softwaretestingboard.com/pub/static/version1695896754/frontend/Magento/luma/en_US/knockoutjs/knockout.js:1538:61)\n    at UiClass.observable [as isLoading] (https://magento.softwaretestingboard.com/pub/static/version1695896754/frontend/Magento/luma/en_US/knockoutjs/knockout.js:1504:28)",
                "diff": null
              },
              "uuid": "b79e1118-e1a7-4146-87ed-59e5b9182076",
              "parentUUID": "1d8ea26b-8c51-49b8-8675-066af61fdb06",
              "isHook": false,
              "skipped": false
            },
            {
              "title": "should verify empty cart message after removing all items",
              "fullTitle": "Place Order with Multiple Products (Price Calculation Checks) should verify empty cart message after removing all items",
              "timedOut": null,
              "duration": 25363,
              "state": "failed",
              "speed": null,
              "pass": false,
              "fail": true,
              "pending": false,
              "context": "{\n  \"title\": \"cypress-mochawesome-reporter-screenshots\",\n  \"value\": [\n    [\n      \"/002_place_order_multiple_products.cy.js/Place Order with Multiple Products (Price Calculation Checks) -- should verify empty cart message after removing all items (failed).png\"\n    ]\n  ]\n}",
              "code": "const products = [{\n  name: 'Radiant Tee',\n  size: 'S',\n  color: 'Purple',\n  qty: 1,\n  price: 22.00\n}];\n// Add products to cart\nproducts.forEach(product => {\n  productPage.addProductToCart(product.name, product.size, product.color);\n  // Verify success message\n  productPage.getSuccessMessage().should('contain', `You added ${product.name} to your shopping cart.`);\n});\n// Go to cart\nhomePage.goToCart();\n// Remove all items from cart\ncartPage.getProductNames().then(productNames => {\n  productNames.forEach(productName => {\n    cartPage.getProductsRows(productName).find('.action.action-delete').click();\n  });\n});\n// Verify empty cart message\ncartPage.elements.emptyCartMessage().should('be.visible');",
              "err": {
                "message": "CypressError: `cy.click()` can only be called on a single element. Your subject contained 3 elements. Pass `{ multiple: true }` if you want to serially click each element.\n\nhttps://on.cypress.io/click",
                "estack": "CypressError: `cy.click()` can only be called on a single element. Your subject contained 3 elements. Pass `{ multiple: true }` if you want to serially click each element.\n\nhttps://on.cypress.io/click\n    at mouseAction (https://magento.softwaretestingboard.com/__cypress/runner/cypress_runner.js:112650:68)\n    at Context.click (https://magento.softwaretestingboard.com/__cypress/runner/cypress_runner.js:112817:14)\n    at wrapped (https://magento.softwaretestingboard.com/__cypress/runner/cypress_runner.js:140155:19)\n    at <unknown> (https://magento.softwaretestingboard.com/__cypress/runner/cypress_runner.js:146100:15)\n    at tryCatcher (https://magento.softwaretestingboard.com/__cypress/runner/cypress_runner.js:1777:23)\n    at Promise._settlePromiseFromHandler (https://magento.softwaretestingboard.com/__cypress/runner/cypress_runner.js:1489:31)\n    at Promise._settlePromise (https://magento.softwaretestingboard.com/__cypress/runner/cypress_runner.js:1546:18)\n    at Promise._settlePromiseCtx (https://magento.softwaretestingboard.com/__cypress/runner/cypress_runner.js:1583:10)\n    at _drainQueueStep (https://magento.softwaretestingboard.com/__cypress/runner/cypress_runner.js:2381:12)\n    at _drainQueue (https://magento.softwaretestingboard.com/__cypress/runner/cypress_runner.js:2370:9)\n    at Async._drainQueues (https://magento.softwaretestingboard.com/__cypress/runner/cypress_runner.js:2386:5)\n    at Async.drainQueues (https://magento.softwaretestingboard.com/__cypress/runner/cypress_runner.js:2256:14)",
                "diff": null
              },
              "uuid": "17b2a81c-c52d-4992-8ce2-77925cac5cb7",
              "parentUUID": "1d8ea26b-8c51-49b8-8675-066af61fdb06",
              "isHook": false,
              "skipped": false
            }
          ],
          "suites": [],
          "passes": [],
          "failures": [
            "b79e1118-e1a7-4146-87ed-59e5b9182076",
            "17b2a81c-c52d-4992-8ce2-77925cac5cb7"
          ],
          "pending": [],
          "skipped": [],
          "duration": 50894,
          "root": false,
          "rootEmpty": false,
          "_timeout": 2000
        }
      ],
      "passes": [],
      "failures": [],
      "pending": [],
      "skipped": [],
      "duration": 0,
      "root": true,
      "rootEmpty": true,
      "_timeout": 2000
    }
  ],
  "meta": {
    "mocha": {
      "version": "7.2.0"
    },
    "mochawesome": {
      "options": {
        "quiet": false,
        "reportFilename": "mochawesome",
        "saveHtml": true,
        "saveJson": true,
        "consoleReporter": "spec",
        "useInlineDiffs": false,
        "code": true
      },
      "version": "7.1.3"
    },
    "marge": {
      "options": {
        "reportTitle": "Magento Test Report",
        "reportDir": "cypress/reports",
        "overwrite": false,
        "html": true,
        "json": true,
        "screenshots": true,
        "embedScreenshots": true,
        "timestamp": "mmddyyyy_HHMMss"
      },
      "version": "6.2.0"
    }
  }
}